
SweetFramework - July 9, 2010, 1:29 am | App Started : 0


URI Request: login/


new Place: /Users/ajcates/Sites/egghead/crad-db/app/themes/default


DB Connected


Session is starting


Sql call: SELECT *
 FROM Sessions
 WHERE (
id = '749')


Sql call: SELECT *
 FROM SessionData
 WHERE (
session = '749')


cookie is good. heres some data:: Array
(
    [loggedIn] => 0
)



Controller Loading: Main


Controller Function: login


teh info: Array
(
    [name] => ajcates
    [password] => dworkram
)



find args: Array
(
    [0] => Array
        (
            [name] => ajcates
        )

)



Sql call: SELECT Users.id, Users.name, Users.email, Users.password, Users.firstName, Users.lastName
 FROM Users

 WHERE (
(
name = 'ajcates') AND Users.name = 'ajcates')


password: 7785134b0535b9f59e3f79e01076b2cd45cd451f

